2026-05-05 06:38:32,144  
в•ђв•ђв•ђв•ђв•ђв•ђв•ђв•ђв•ђв•ђв•ђв•ђв•ђв•ђв•ђв•ђв•ђв•ђв•ђв•ђв•ђв•ђв•ђв•ђв•ђв•ђв•ђв•ђв•ђв•ђв•ђв•ђв•ђв•ђв•ђв•ђв•ђв•ђв•ђв•ђв•ђв•ђв•ђв•ђв•ђв•ђв•ђв•ђв•ђв•ђв•ђв•ђ
2026-05-05 06:38:32,144    Prompt Lab NLP Backend вЂ” Training Pipeline
2026-05-05 06:38:32,144    Synthetic data В· Fully offline В· No API keys
2026-05-05 06:38:32,144  в•ђв•ђв•ђв•ђв•ђв•ђв•ђв•ђв•ђв•ђв•ђв•ђв•ђв•ђв•ђв•ђв•ђв•ђв•ђв•ђв•ђв•ђв•ђв•ђв•ђв•ђв•ђв•ђв•ђв•ђв•ђв•ђв•ђв•ђв•ђв•ђв•ђв•ђв•ђв•ђв•ђв•ђв•ђв•ђв•ђв•ђв•ђв•ђв•ђв•ђв•ђв•ђ
2026-05-05 06:38:32,144  
в•ђв•ђв•ђв•ђв•ђв•ђв•ђв•ђв•ђв•ђв•ђв•ђв•ђв•ђв•ђв•ђв•ђв•ђв•ђв•ђв•ђв•ђв•ђв•ђв•ђв•ђв•ђв•ђв•ђв•ђв•ђв•ђв•ђв•ђв•ђв•ђв•ђв•ђв•ђв•ђв•ђв•ђв•ђв•ђв•ђв•ђв•ђв•ђв•ђв•ђв•ђв•ђ
2026-05-05 06:38:32,144    Step 1/4 вЂ” Generating synthetic training data
2026-05-05 06:38:32,144  в•ђв•ђв•ђв•ђв•ђв•ђв•ђв•ђв•ђв•ђв•ђв•ђв•ђв•ђв•ђв•ђв•ђв•ђв•ђв•ђв•ђв•ђв•ђв•ђв•ђв•ђв•ђв•ђв•ђв•ђв•ђв•ђв•ђв•ђв•ђв•ђв•ђв•ђв•ђв•ђв•ђв•ђв•ђв•ђв•ђв•ђв•ђв•ђв•ђв•ђв•ђв•ђ
2026-05-05 06:38:32,380    Quality  samples : 4879
2026-05-05 06:38:32,380    Intent   samples : 4879
2026-05-05 06:38:32,381    Response samples : 4879
2026-05-05 06:38:32,381    Done in 0.2s
2026-05-05 06:38:32,381  
в•ђв•ђв•ђв•ђв•ђв•ђв•ђв•ђв•ђв•ђв•ђв•ђв•ђв•ђв•ђв•ђв•ђв•ђв•ђв•ђв•ђв•ђв•ђв•ђв•ђв•ђв•ђв•ђв•ђв•ђв•ђв•ђв•ђв•ђв•ђв•ђв•ђв•ђв•ђв•ђв•ђв•ђв•ђв•ђв•ђв•ђв•ђв•ђв•ђв•ђв•ђв•ђ
2026-05-05 06:38:32,381    Step 2/4 вЂ” Training Quality Analyser
2026-05-05 06:38:32,381  в•ђв•ђв•ђв•ђв•ђв•ђв•ђв•ђв•ђв•ђв•ђв•ђв•ђв•ђв•ђв•ђв•ђв•ђв•ђв•ђв•ђв•ђв•ђв•ђв•ђв•ђв•ђв•ђв•ђв•ђв•ђв•ђв•ђв•ђв•ђв•ђв•ђв•ђв•ђв•ђв•ђв•ђв•ђв•ђв•ђв•ђв•ђв•ђв•ђв•ђв•ђв•ђ
2026-05-05 06:38:37,353    Quality: 4879 samples
2026-05-05 06:39:14,319    Quality MAE: 2.6 pts
2026-05-05 06:39:21,213    Done in 48.8s
2026-05-05 06:39:21,213  
в•ђв•ђв•ђв•ђв•ђв•ђв•ђв•ђв•ђв•ђв•ђв•ђв•ђв•ђв•ђв•ђв•ђв•ђв•ђв•ђв•ђв•ђв•ђв•ђв•ђв•ђв•ђв•ђв•ђв•ђв•ђв•ђв•ђв•ђв•ђв•ђв•ђв•ђв•ђв•ђв•ђв•ђв•ђв•ђв•ђв•ђв•ђв•ђв•ђв•ђв•ђв•ђ
2026-05-05 06:39:21,214    Step 3/4 вЂ” Training Intent Classifier
2026-05-05 06:39:21,214  в•ђв•ђв•ђв•ђв•ђв•ђв•ђв•ђв•ђв•ђв•ђв•ђв•ђв•ђв•ђв•ђв•ђв•ђв•ђв•ђв•ђв•ђв•ђв•ђв•ђв•ђв•ђв•ђв•ђв•ђв•ђв•ђв•ђв•ђв•ђв•ђв•ђв•ђв•ђв•ђв•ђв•ђв•ђв•ђв•ђв•ђв•ђв•ђв•ђв•ђв•ђв•ђ
2026-05-05 06:39:21,216    Intent: 4879 samples
2026-05-05 06:39:36,815  
              precision    recall  f1-score   support

     analyse       0.75      0.87      0.80        45
        code       0.87      0.85      0.86        48
     compare       0.76      0.91      0.83        45
    creative       1.00      0.93      0.97        45
     explain       0.70      0.85      0.76        46
     general       1.00      1.00      1.00        33
        list       1.00      0.94      0.97        47
        plan       0.98      0.93      0.95        44
          qa       0.90      0.81      0.85        47
      refine       1.00      0.87      0.93        47
   summarise       1.00      0.91      0.95        46
   translate       0.91      0.89      0.90        46
       write       1.00      0.98      0.99        47

    accuracy                           0.90       586
   macro avg       0.91      0.90      0.91       586
weighted avg       0.91      0.90      0.90       586

2026-05-05 06:39:37,036    Done in 15.8s
2026-05-05 06:39:37,036  
в•ђв•ђв•ђв•ђв•ђв•ђв•ђв•ђв•ђв•ђв•ђв•ђв•ђв•ђв•ђв•ђв•ђв•ђв•ђв•ђв•ђв•ђв•ђв•ђв•ђв•ђв•ђв•ђв•ђв•ђв•ђв•ђв•ђв•ђв•ђв•ђв•ђв•ђв•ђв•ђв•ђв•ђв•ђв•ђв•ђв•ђв•ђв•ђв•ђв•ђв•ђв•ђ
2026-05-05 06:39:37,036    Step 4/4 вЂ” Building Response Generator Index
2026-05-05 06:39:37,037  в•ђв•ђв•ђв•ђв•ђв•ђв•ђв•ђв•ђв•ђв•ђв•ђв•ђв•ђв•ђв•ђв•ђв•ђв•ђв•ђв•ђв•ђв•ђв•ђв•ђв•ђв•ђв•ђв•ђв•ђв•ђв•ђв•ђв•ђв•ђв•ђв•ђв•ђв•ђв•ђв•ђв•ђв•ђв•ђв•ђв•ђв•ђв•ђв•ђв•ђв•ђв•ђ
2026-05-05 06:39:37,039    Response: indexing 4879 pairs вЂ¦
2026-05-05 06:39:37,234    Response index built (4879 docs, 2207 features)
2026-05-05 06:39:37,235    Done in 0.2s
2026-05-05 06:39:37,235  
в•ђв•ђв•ђв•ђв•ђв•ђв•ђв•ђв•ђв•ђв•ђв•ђв•ђв•ђв•ђв•ђв•ђв•ђв•ђв•ђв•ђв•ђв•ђв•ђв•ђв•ђв•ђв•ђв•ђв•ђв•ђв•ђв•ђв•ђв•ђв•ђв•ђв•ђв•ђв•ђв•ђв•ђв•ђв•ђв•ђв•ђв•ђв•ђв•ђв•ђв•ђв•ђ
2026-05-05 06:39:37,235    вњ“ All models trained in 1m 5s
2026-05-05 06:39:37,235    вњ“ Saved to models/saved/
2026-05-05 06:39:37,235    в†’ Run: python app.py   (starts on http://localhost:5000)
2026-05-05 06:39:37,235  в•ђв•ђв•ђв•ђв•ђв•ђв•ђв•ђв•ђв•ђв•ђв•ђв•ђв•ђв•ђв•ђв•ђв•ђв•ђв•ђв•ђв•ђв•ђв•ђв•ђв•ђв•ђв•ђв•ђв•ђв•ђв•ђв•ђв•ђв•ђв•ђв•ђв•ђв•ђв•ђв•ђв•ђв•ђв•ђв•ђв•ђв•ђв•ђв•ђв•ђв•ђв•ђ

2026-05-06 01:26:39,084    Prompt Lab NLP Backend — Training Pipeline
2026-05-06 01:26:39,085    Synthetic data · Fully offline · No API keys
2026-05-06 01:26:39,087    Step 1/4 — Generating synthetic training data
2026-05-06 01:26:39,292    Quality  samples : 4879
2026-05-06 01:26:39,293    Intent   samples : 4879
2026-05-06 01:26:39,293    Response samples : 4879
2026-05-06 01:26:39,293    Done in 0.2s
2026-05-06 01:26:39,295    Step 2/4 — Training Quality Analyser
2026-05-06 01:26:47,726    Quality: 4879 samples
2026-05-06 01:27:15,825    Quality MAE: 2.6 pts
2026-05-06 01:27:16,901    Done in 37.6s
2026-05-06 01:27:16,904    Step 3/4 — Training Intent Classifier
2026-05-06 01:27:16,912    Intent: 4879 samples
2026-05-06 01:27:22,674  
              precision    recall  f1-score   support

     analyse       0.75      0.87      0.80        45
        code       0.80      0.85      0.83        48
     compare       0.76      0.91      0.83        45
    creative       1.00      0.93      0.97        45
     explain       0.70      0.85      0.76        46
     general       1.00      1.00      1.00        33
        list       1.00      0.94      0.97        47
        plan       0.98      0.93      0.95        44
          qa       0.90      0.81      0.85        47
      refine       1.00      0.87      0.93        47
   summarise       1.00      0.91      0.95        46
   translate       1.00      0.89      0.94        46
       write       1.00      0.98      0.99        47

    accuracy                           0.90       586
   macro avg       0.91      0.90      0.91       586
weighted avg       0.91      0.90      0.90       586

2026-05-06 01:27:22,851    Done in 5.9s
2026-05-06 01:27:22,855    Step 4/4 — Building Response Generator Index
2026-05-06 01:27:22,864    Response: indexing 4879 pairs …
2026-05-06 01:27:23,037    Response index built (4879 docs, 2207 features)
2026-05-06 01:27:23,037    Done in 0.2s
2026-05-06 01:27:42,027    Prompt Lab NLP Backend — Training Pipeline
2026-05-06 01:27:42,027    Synthetic data · Fully offline · No API keys
2026-05-06 01:27:42,029    Step 1/4 — Generating synthetic training data
2026-05-06 01:27:42,217    Quality  samples : 4879
2026-05-06 01:27:42,217    Intent   samples : 4879
2026-05-06 01:27:42,218    Response samples : 4879
2026-05-06 01:27:42,218    Done in 0.2s
2026-05-06 01:27:42,219    Step 2/4 — Training Quality Analyser
2026-05-06 01:27:43,455    Quality: 4879 samples
2026-05-06 01:28:08,791    Quality MAE: 2.6 pts
2026-05-06 01:28:09,711    Done in 27.5s
2026-05-06 01:28:09,714    Step 3/4 — Training Intent Classifier
2026-05-06 01:28:09,718    Intent: 4879 samples
2026-05-06 01:28:15,586  
              precision    recall  f1-score   support

     analyse       0.75      0.87      0.80        45
        code       0.80      0.85      0.83        48
     compare       0.76      0.91      0.83        45
    creative       1.00      0.93      0.97        45
     explain       0.70      0.85      0.76        46
     general       1.00      1.00      1.00        33
        list       1.00      0.94      0.97        47
        plan       0.98      0.93      0.95        44
          qa       0.90      0.81      0.85        47
      refine       1.00      0.87      0.93        47
   summarise       1.00      0.91      0.95        46
   translate       1.00      0.89      0.94        46
       write       1.00      0.98      0.99        47

    accuracy                           0.90       586
   macro avg       0.91      0.90      0.91       586
weighted avg       0.91      0.90      0.90       586

2026-05-06 01:28:15,702    Done in 6.0s
2026-05-06 01:28:15,705    Step 4/4 — Building Response Generator Index
2026-05-06 01:28:15,708    Response: indexing 4879 pairs …
2026-05-06 01:28:15,851    Response index built (4879 docs, 2207 features)
2026-05-06 01:28:15,851    Done in 0.1s
2026-05-09 20:36:30,260    Prompt Lab NLP Backend — Training Pipeline
2026-05-09 20:36:30,261    Synthetic data · Fully offline · No API keys
2026-05-09 20:36:30,263    Step 1/4 — Generating synthetic training data
2026-05-09 20:36:30,458    Quality  samples : 4879
2026-05-09 20:36:30,459    Intent   samples : 4879
2026-05-09 20:36:30,459    Response samples : 4879
2026-05-09 20:36:30,459    Done in 0.2s
2026-05-09 20:36:30,461    Step 2/4 — Training Quality Analyser
2026-05-09 20:36:47,104    Prompt Lab NLP Backend — Training Pipeline
2026-05-09 20:36:47,104    Synthetic data · Fully offline · No API keys
2026-05-09 20:36:47,106    Step 1/4 — Generating synthetic training data
2026-05-09 20:36:47,309    Quality  samples : 4879
2026-05-09 20:36:47,309    Intent   samples : 4879
2026-05-09 20:36:47,310    Response samples : 4879
2026-05-09 20:36:47,310    Done in 0.2s
2026-05-09 20:36:47,312    Step 2/4 — Training Quality Analyser
2026-05-09 20:36:49,142    Quality: 4879 samples
2026-05-09 20:37:16,286    Quality MAE: 2.6 pts
2026-05-09 20:37:17,358    Done in 30.0s
2026-05-09 20:37:17,360    Step 3/4 — Training Intent Classifier
2026-05-09 20:37:17,365    Intent: 4879 samples
2026-05-09 20:37:25,703  
              precision    recall  f1-score   support

     analyse       0.75      0.87      0.80        45
        code       0.80      0.85      0.83        48
     compare       0.76      0.91      0.83        45
    creative       1.00      0.93      0.97        45
     explain       0.70      0.85      0.76        46
     general       1.00      1.00      1.00        33
        list       1.00      0.94      0.97        47
        plan       0.98      0.93      0.95        44
          qa       0.90      0.81      0.85        47
      refine       1.00      0.87      0.93        47
   summarise       1.00      0.91      0.95        46
   translate       1.00      0.89      0.94        46
       write       1.00      0.98      0.99        47

    accuracy                           0.90       586
   macro avg       0.91      0.90      0.91       586
weighted avg       0.91      0.90      0.90       586

2026-05-09 20:37:25,855    Done in 8.5s
2026-05-09 20:37:25,857    Step 4/4 — Building Response Generator Index
2026-05-09 20:37:25,870    Response: indexing 4879 pairs …
2026-05-09 20:37:26,040    Response index built (4879 docs, 2207 features)
2026-05-09 20:37:26,041    Done in 0.2s
2026-05-09 20:40:40,185  
====================================================
2026-05-09 20:40:40,186    Prompt Lab NLP Backend вЂ” Training Pipeline
2026-05-09 20:40:40,186    Synthetic data - Fully offline - No API keys
2026-05-09 20:40:40,186  ====================================================
2026-05-09 20:40:40,187  
====================================================
2026-05-09 20:40:40,187    Step 1/4 вЂ” Generating synthetic training data
2026-05-09 20:40:40,187  ====================================================
2026-05-09 20:40:40,399    Quality  samples : 4879
2026-05-09 20:40:40,399    Intent   samples : 4879
2026-05-09 20:40:40,399    Response samples : 4879
2026-05-09 20:40:40,400    Done in 0.2s
2026-05-09 20:40:40,400  
====================================================
2026-05-09 20:40:40,400    Step 2/4 вЂ” Training Quality Analyser
2026-05-09 20:40:40,401  ====================================================
2026-05-09 20:40:41,731    Quality: 4879 samples
2026-05-09 20:41:07,196    Quality MAE: 2.6 pts
2026-05-09 20:41:08,119    Done in 27.7s
2026-05-09 20:41:08,119  
====================================================
2026-05-09 20:41:08,120    Step 3/4 вЂ” Training Intent Classifier
2026-05-09 20:41:08,120  ====================================================
2026-05-09 20:41:08,122    Intent: 4879 samples
2026-05-09 20:41:12,915  
              precision    recall  f1-score   support

     analyse       0.75      0.87      0.80        45
        code       0.80      0.85      0.83        48
     compare       0.76      0.91      0.83        45
    creative       1.00      0.93      0.97        45
     explain       0.70      0.85      0.76        46
     general       1.00      1.00      1.00        33
        list       1.00      0.94      0.97        47
        plan       0.98      0.93      0.95        44
          qa       0.90      0.81      0.85        47
      refine       1.00      0.87      0.93        47
   summarise       1.00      0.91      0.95        46
   translate       1.00      0.89      0.94        46
       write       1.00      0.98      0.99        47

    accuracy                           0.90       586
   macro avg       0.91      0.90      0.91       586
weighted avg       0.91      0.90      0.90       586

2026-05-09 20:41:13,054    Done in 4.9s
2026-05-09 20:41:13,054  
====================================================
2026-05-09 20:41:13,055    Step 4/4 вЂ” Building Response Generator Index
2026-05-09 20:41:13,055  ====================================================
2026-05-09 20:41:13,057    Response: indexing 4879 pairs вЂ¦
2026-05-09 20:41:13,188    Response index built (4879 docs, 2207 features)
2026-05-09 20:41:13,188    Done in 0.1s
2026-05-09 20:41:13,188  
====================================================
2026-05-09 20:41:13,188    [OK] All models trained in 0m 33s
2026-05-09 20:41:13,189    [OK] Saved to models/saved/
2026-05-09 20:41:13,189    -> Run: python app.py   (starts on http://localhost:5000)
2026-05-09 20:41:13,189  ====================================================

2026-05-09 23:21:01,595  
====================================================
2026-05-09 23:21:01,596    Prompt Lab NLP Backend вЂ” Training Pipeline
2026-05-09 23:21:01,597    Synthetic data - Fully offline - No API keys
2026-05-09 23:21:01,597  ====================================================
2026-05-09 23:21:01,598  
====================================================
2026-05-09 23:21:01,598    Step 1/4 вЂ” Generating synthetic training data
2026-05-09 23:21:01,599  ====================================================
2026-05-09 23:21:01,821    Quality  samples : 4879
2026-05-09 23:21:01,821    Intent   samples : 4879
2026-05-09 23:21:01,822    Response samples : 4879
2026-05-09 23:21:01,822    Done in 0.2s
2026-05-09 23:21:01,823  
====================================================
2026-05-09 23:21:01,823    Step 2/4 вЂ” Training Quality Analyser
2026-05-09 23:21:01,823  ====================================================
2026-05-09 23:21:05,669    Quality: 4879 samples
2026-05-09 23:21:33,023    Quality MAE: 2.6 pts
2026-05-09 23:21:34,005    Done in 32.2s
2026-05-09 23:21:34,005  
====================================================
2026-05-09 23:21:34,006    Step 3/4 вЂ” Training Intent Classifier
2026-05-09 23:21:34,006  ====================================================
2026-05-09 23:21:34,009    Intent: 4879 samples
2026-05-09 23:21:38,946  
              precision    recall  f1-score   support

     analyse       0.75      0.87      0.80        45
        code       0.80      0.85      0.83        48
     compare       0.76      0.91      0.83        45
    creative       1.00      0.93      0.97        45
     explain       0.70      0.85      0.76        46
     general       1.00      1.00      1.00        33
        list       1.00      0.94      0.97        47
        plan       0.98      0.93      0.95        44
          qa       0.90      0.81      0.85        47
      refine       1.00      0.87      0.93        47
   summarise       1.00      0.91      0.95        46
   translate       1.00      0.89      0.94        46
       write       1.00      0.98      0.99        47

    accuracy                           0.90       586
   macro avg       0.91      0.90      0.91       586
weighted avg       0.91      0.90      0.90       586

2026-05-09 23:21:39,075    Done in 5.1s
2026-05-09 23:21:39,076  
====================================================
2026-05-09 23:21:39,076    Step 4/4 вЂ” Building Response Generator Index
2026-05-09 23:21:39,076  ====================================================
2026-05-09 23:21:39,082    Response: indexing 4879 pairs (corpus only вЂ” AI handles generation)
2026-05-09 23:21:39,144    Corpus saved (4879 entries)
2026-05-09 23:21:39,145    Done in 0.1s
2026-05-09 23:21:39,145  
====================================================
2026-05-09 23:21:39,145    [OK] All models trained in 0m 37s
2026-05-09 23:21:39,145    [OK] Saved to models/saved/
2026-05-09 23:21:39,145    -> Run: python app.py   (starts on http://localhost:5000)
2026-05-09 23:21:39,146  ====================================================

2026-05-09 23:24:09,431  
====================================================
2026-05-09 23:24:09,432    Prompt Lab NLP Backend вЂ” Training Pipeline
2026-05-09 23:24:09,432    Synthetic data - Fully offline - No API keys
2026-05-09 23:24:09,433  ====================================================
2026-05-09 23:24:09,433  
====================================================
2026-05-09 23:24:09,433    Step 1/4 вЂ” Generating synthetic training data
2026-05-09 23:24:09,433  ====================================================
2026-05-09 23:24:09,951    Quality  samples : 4879
2026-05-09 23:24:09,952    Intent   samples : 4879
2026-05-09 23:24:09,953    Response samples : 4879
2026-05-09 23:24:09,953    Done in 0.5s
2026-05-09 23:24:09,953  
====================================================
2026-05-09 23:24:09,954    Step 2/4 вЂ” Training Quality Analyser
2026-05-09 23:24:09,954  ====================================================
2026-05-09 23:24:36,890  
====================================================
2026-05-09 23:24:36,891    Prompt Lab NLP Backend вЂ” Training Pipeline
2026-05-09 23:24:36,891    Synthetic data - Fully offline - No API keys
2026-05-09 23:24:36,892  ====================================================
2026-05-09 23:24:36,892  
====================================================
2026-05-09 23:24:36,892    Step 1/4 вЂ” Generating synthetic training data
2026-05-09 23:24:36,893  ====================================================
2026-05-09 23:24:37,092    Quality  samples : 4879
2026-05-09 23:24:37,093    Intent   samples : 4879
2026-05-09 23:24:37,093    Response samples : 4879
2026-05-09 23:24:37,093    Done in 0.2s
2026-05-09 23:24:37,094  
====================================================
2026-05-09 23:24:37,094    Step 2/4 вЂ” Training Quality Analyser
2026-05-09 23:24:37,094  ====================================================
2026-05-09 23:24:39,357    Quality: 4879 samples
2026-05-09 23:25:06,395    Quality MAE: 2.6 pts
2026-05-09 23:25:07,427    Done in 30.3s
2026-05-09 23:25:07,428  
====================================================
2026-05-09 23:25:07,428    Step 3/4 вЂ” Training Intent Classifier
2026-05-09 23:25:07,428  ====================================================
2026-05-09 23:25:07,432    Intent: 4879 samples
2026-05-09 23:25:13,706  
              precision    recall  f1-score   support

     analyse       0.75      0.87      0.80        45
        code       0.80      0.85      0.83        48
     compare       0.76      0.91      0.83        45
    creative       1.00      0.93      0.97        45
     explain       0.70      0.85      0.76        46
     general       1.00      1.00      1.00        33
        list       1.00      0.94      0.97        47
        plan       0.98      0.93      0.95        44
          qa       0.90      0.81      0.85        47
      refine       1.00      0.87      0.93        47
   summarise       1.00      0.91      0.95        46
   translate       1.00      0.89      0.94        46
       write       1.00      0.98      0.99        47

    accuracy                           0.90       586
   macro avg       0.91      0.90      0.91       586
weighted avg       0.91      0.90      0.90       586

2026-05-09 23:25:13,838    Done in 6.4s
2026-05-09 23:25:13,838  
====================================================
2026-05-09 23:25:13,839    Step 4/4 вЂ” Building Response Generator Index
2026-05-09 23:25:13,839  ====================================================
2026-05-09 23:25:13,841    Response: indexing 4879 pairs (corpus only вЂ” AI handles generation)
2026-05-09 23:25:13,903    Corpus saved (4879 entries)
2026-05-09 23:25:13,904    Done in 0.1s
2026-05-09 23:25:13,904  
====================================================
2026-05-09 23:25:13,904    [OK] All models trained in 0m 37s
2026-05-09 23:25:13,904    [OK] Saved to models/saved/
2026-05-09 23:25:13,904    -> Run: python app.py   (starts on http://localhost:5000)
2026-05-09 23:25:13,905  ====================================================

2026-05-09 23:27:28,608  
====================================================
2026-05-09 23:27:28,609    Prompt Lab NLP Backend вЂ” Training Pipeline
2026-05-09 23:27:28,610    Synthetic data - Fully offline - No API keys
2026-05-09 23:27:28,610  ====================================================
2026-05-09 23:27:28,610  
====================================================
2026-05-09 23:27:28,610    Step 1/4 вЂ” Generating synthetic training data
2026-05-09 23:27:28,611  ====================================================
2026-05-09 23:27:28,823    Quality  samples : 4879
2026-05-09 23:27:28,823    Intent   samples : 4879
2026-05-09 23:27:28,824    Response samples : 4879
2026-05-09 23:27:28,824    Done in 0.2s
2026-05-09 23:27:28,824  
====================================================
2026-05-09 23:27:28,825    Step 2/4 вЂ” Training Quality Analyser
2026-05-09 23:27:28,825  ====================================================
2026-05-09 23:27:30,715    Quality: 4879 samples
2026-05-09 23:28:06,467    Quality MAE: 2.6 pts
2026-05-09 23:28:07,546    Done in 38.7s
2026-05-09 23:28:07,546  
====================================================
2026-05-09 23:28:07,547    Step 3/4 вЂ” Training Intent Classifier
2026-05-09 23:28:07,547  ====================================================
2026-05-09 23:28:07,551    Intent: 4879 samples
2026-05-09 23:28:14,995  
              precision    recall  f1-score   support

     analyse       0.75      0.87      0.80        45
        code       0.80      0.85      0.83        48
     compare       0.76      0.91      0.83        45
    creative       1.00      0.93      0.97        45
     explain       0.70      0.85      0.76        46
     general       1.00      1.00      1.00        33
        list       1.00      0.94      0.97        47
        plan       0.98      0.93      0.95        44
          qa       0.90      0.81      0.85        47
      refine       1.00      0.87      0.93        47
   summarise       1.00      0.91      0.95        46
   translate       1.00      0.89      0.94        46
       write       1.00      0.98      0.99        47

    accuracy                           0.90       586
   macro avg       0.91      0.90      0.91       586
weighted avg       0.91      0.90      0.90       586

2026-05-09 23:28:15,130    Done in 7.6s
2026-05-09 23:28:15,131  
====================================================
2026-05-09 23:28:15,131    Step 4/4 вЂ” Building Response Generator Index
2026-05-09 23:28:15,132  ====================================================
2026-05-09 23:28:15,134    Response: indexing 4879 pairs (corpus only вЂ” AI handles generation)
2026-05-09 23:28:15,202    Corpus saved (4879 entries)
2026-05-09 23:28:15,202    Done in 0.1s
2026-05-09 23:28:15,203  
====================================================
2026-05-09 23:28:15,203    [OK] All models trained in 0m 46s
2026-05-09 23:28:15,203    [OK] Saved to models/saved/
2026-05-09 23:28:15,203    -> Run: python app.py   (starts on http://localhost:5000)
2026-05-09 23:28:15,204  ====================================================

2026-05-10 01:25:26,685  
====================================================
2026-05-10 01:25:26,686    Prompt Lab NLP Backend вЂ” Training Pipeline
2026-05-10 01:25:26,686    Synthetic data - Fully offline - No API keys
2026-05-10 01:25:26,686  ====================================================
2026-05-10 01:25:26,686  
====================================================
2026-05-10 01:25:26,686    Step 1/4 вЂ” Generating synthetic training data
2026-05-10 01:25:26,686  ====================================================
2026-05-10 01:25:26,891    Quality  samples : 4879
2026-05-10 01:25:26,892    Intent   samples : 4879
2026-05-10 01:25:26,892    Response samples : 4879
2026-05-10 01:25:26,892    Done in 0.2s
2026-05-10 01:25:26,892  
====================================================
2026-05-10 01:25:26,892    Step 2/4 вЂ” Training Quality Analyser
2026-05-10 01:25:26,893  ====================================================
2026-05-10 01:25:28,609    Quality: 4879 samples
2026-05-10 01:25:53,962    Quality MAE: 2.6 pts
2026-05-10 01:25:54,879    Done in 28.0s
2026-05-10 01:25:54,880  
====================================================
2026-05-10 01:25:54,880    Step 3/4 вЂ” Training Intent Classifier
2026-05-10 01:25:54,880  ====================================================
2026-05-10 01:25:54,883    Intent: 4879 samples
2026-05-10 01:26:01,643  
              precision    recall  f1-score   support

     analyse       0.75      0.87      0.80        45
        code       0.80      0.85      0.83        48
     compare       0.76      0.91      0.83        45
    creative       1.00      0.93      0.97        45
     explain       0.70      0.85      0.76        46
     general       1.00      1.00      1.00        33
        list       1.00      0.94      0.97        47
        plan       0.98      0.93      0.95        44
          qa       0.90      0.81      0.85        47
      refine       1.00      0.87      0.93        47
   summarise       1.00      0.91      0.95        46
   translate       1.00      0.89      0.94        46
       write       1.00      0.98      0.99        47

    accuracy                           0.90       586
   macro avg       0.91      0.90      0.91       586
weighted avg       0.91      0.90      0.90       586

2026-05-10 01:26:01,798    Done in 6.9s
2026-05-10 01:26:01,798  
====================================================
2026-05-10 01:26:01,798    Step 4/4 вЂ” Building Response Generator Index
2026-05-10 01:26:01,798  ====================================================
2026-05-10 01:26:01,801    Response: indexing 4879 pairs (corpus only вЂ” AI handles generation)
2026-05-10 01:26:01,861    Corpus saved (4879 entries)
2026-05-10 01:26:01,861    Done in 0.1s
2026-05-10 01:26:01,862  
====================================================
2026-05-10 01:26:01,862    [OK] All models trained in 0m 35s
2026-05-10 01:26:01,862    [OK] Saved to models/saved/
2026-05-10 01:26:01,862    -> Run: python app.py   (starts on http://localhost:5000)
2026-05-10 01:26:01,862  ====================================================

